2016-03-18 15:13:09,314 - SimpleLog4JLogSystem initialized using logfile 'velocity.log'
2016-03-18 15:13:09,314 - ************************************************************** 
2016-03-18 15:13:09,314 - Starting Jakarta Velocity v1.4
2016-03-18 15:13:09,314 - RuntimeInstance initializing.
2016-03-18 15:13:09,314 - Default Properties File: org/apache/velocity/runtime/defaults/velocity.properties
2016-03-18 15:13:09,314 - Trying to use logger class org.apache.velocity.runtime.log.SimpleLog4JLogSystem
2016-03-18 15:13:09,314 - Using logger class org.apache.velocity.runtime.log.SimpleLog4JLogSystem
2016-03-18 15:13:09,319 - Default ResourceManager initializing. (class org.apache.velocity.runtime.resource.ResourceManagerImpl)
2016-03-18 15:13:09,325 - Resource Loader Instantiated: org.apache.velocity.runtime.resource.loader.ClasspathResourceLoader
2016-03-18 15:13:09,326 - ClasspathResourceLoader : initialization starting.
2016-03-18 15:13:09,326 - ClasspathResourceLoader : initialization complete.
2016-03-18 15:13:09,331 - ResourceCache : initialized. (class org.apache.velocity.runtime.resource.ResourceCacheImpl)
2016-03-18 15:13:09,331 - Default ResourceManager initialization complete.
2016-03-18 15:13:09,335 - Loaded System Directive: org.apache.velocity.runtime.directive.Literal
2016-03-18 15:13:09,339 - Loaded System Directive: org.apache.velocity.runtime.directive.Macro
2016-03-18 15:13:09,343 - Loaded System Directive: org.apache.velocity.runtime.directive.Parse
2016-03-18 15:13:09,347 - Loaded System Directive: org.apache.velocity.runtime.directive.Include
2016-03-18 15:13:09,348 - Loaded System Directive: org.apache.velocity.runtime.directive.Foreach
2016-03-18 15:13:09,389 - Created: 20 parsers.
2016-03-18 15:13:09,403 - Velocimacro : initialization starting.
2016-03-18 15:13:09,403 - Velocimacro : adding VMs from VM library template : VM_global_library.vm
2016-03-18 15:13:09,409 - ResourceManager : unable to find resource 'VM_global_library.vm' in any resource loader.
2016-03-18 15:13:09,409 - Velocimacro : error using  VM library template VM_global_library.vm : org.apache.velocity.exception.ResourceNotFoundException: Unable to find resource 'VM_global_library.vm'
2016-03-18 15:13:09,409 - Velocimacro :  VM library template macro registration complete.
2016-03-18 15:13:09,409 - Velocimacro : allowInline = true : VMs can be defined inline in templates
2016-03-18 15:13:09,409 - Velocimacro : allowInlineToOverride = false : VMs defined inline may NOT replace previous VM definitions
2016-03-18 15:13:09,409 - Velocimacro : allowInlineLocal = false : VMs defined inline will be  global in scope if allowed.
2016-03-18 15:13:09,409 - Velocimacro : messages on  : VM system will output logging messages
2016-03-18 15:13:09,410 - Velocimacro : autoload off  : VM system will not automatically reload global library macros
2016-03-18 15:13:09,410 - Velocimacro : initialization complete.
2016-03-18 15:13:09,410 - Velocity successfully started.
2016-03-18 15:14:12,254 - ResourceManager : found repast/simphony/scenario/Scenario.vt with loader org.apache.velocity.runtime.resource.loader.ClasspathResourceLoader
2016-03-18 15:31:26,181 - SimpleLog4JLogSystem initialized using logfile 'velocity.log'
2016-03-18 15:31:26,181 - ************************************************************** 
2016-03-18 15:31:26,181 - Starting Jakarta Velocity v1.4
2016-03-18 15:31:26,181 - RuntimeInstance initializing.
2016-03-18 15:31:26,181 - Default Properties File: org/apache/velocity/runtime/defaults/velocity.properties
2016-03-18 15:31:26,181 - Trying to use logger class org.apache.velocity.runtime.log.SimpleLog4JLogSystem
2016-03-18 15:31:26,181 - Using logger class org.apache.velocity.runtime.log.SimpleLog4JLogSystem
2016-03-18 15:31:26,189 - Default ResourceManager initializing. (class org.apache.velocity.runtime.resource.ResourceManagerImpl)
2016-03-18 15:31:26,197 - Resource Loader Instantiated: org.apache.velocity.runtime.resource.loader.ClasspathResourceLoader
2016-03-18 15:31:26,197 - ClasspathResourceLoader : initialization starting.
2016-03-18 15:31:26,197 - ClasspathResourceLoader : initialization complete.
2016-03-18 15:31:26,200 - ResourceCache : initialized. (class org.apache.velocity.runtime.resource.ResourceCacheImpl)
2016-03-18 15:31:26,200 - Default ResourceManager initialization complete.
2016-03-18 15:31:26,203 - Loaded System Directive: org.apache.velocity.runtime.directive.Literal
2016-03-18 15:31:26,206 - Loaded System Directive: org.apache.velocity.runtime.directive.Macro
2016-03-18 15:31:26,210 - Loaded System Directive: org.apache.velocity.runtime.directive.Parse
2016-03-18 15:31:26,213 - Loaded System Directive: org.apache.velocity.runtime.directive.Include
2016-03-18 15:31:26,215 - Loaded System Directive: org.apache.velocity.runtime.directive.Foreach
2016-03-18 15:31:26,260 - Created: 20 parsers.
2016-03-18 15:31:26,274 - Velocimacro : initialization starting.
2016-03-18 15:31:26,274 - Velocimacro : adding VMs from VM library template : VM_global_library.vm
2016-03-18 15:31:26,280 - ResourceManager : unable to find resource 'VM_global_library.vm' in any resource loader.
2016-03-18 15:31:26,281 - Velocimacro : error using  VM library template VM_global_library.vm : org.apache.velocity.exception.ResourceNotFoundException: Unable to find resource 'VM_global_library.vm'
2016-03-18 15:31:26,281 - Velocimacro :  VM library template macro registration complete.
2016-03-18 15:31:26,281 - Velocimacro : allowInline = true : VMs can be defined inline in templates
2016-03-18 15:31:26,281 - Velocimacro : allowInlineToOverride = false : VMs defined inline may NOT replace previous VM definitions
2016-03-18 15:31:26,281 - Velocimacro : allowInlineLocal = false : VMs defined inline will be  global in scope if allowed.
2016-03-18 15:31:26,281 - Velocimacro : messages on  : VM system will output logging messages
2016-03-18 15:31:26,281 - Velocimacro : autoload off  : VM system will not automatically reload global library macros
2016-03-18 15:31:26,281 - Velocimacro : initialization complete.
2016-03-18 15:31:26,281 - Velocity successfully started.
2016-03-18 15:32:02,994 - SimpleLog4JLogSystem initialized using logfile 'velocity.log'
2016-03-18 15:32:02,994 - ************************************************************** 
2016-03-18 15:32:02,994 - Starting Jakarta Velocity v1.4
2016-03-18 15:32:02,994 - RuntimeInstance initializing.
2016-03-18 15:32:02,994 - Default Properties File: org/apache/velocity/runtime/defaults/velocity.properties
2016-03-18 15:32:02,994 - Trying to use logger class org.apache.velocity.runtime.log.SimpleLog4JLogSystem
2016-03-18 15:32:02,994 - Using logger class org.apache.velocity.runtime.log.SimpleLog4JLogSystem
2016-03-18 15:32:03,001 - Default ResourceManager initializing. (class org.apache.velocity.runtime.resource.ResourceManagerImpl)
2016-03-18 15:32:03,006 - Resource Loader Instantiated: org.apache.velocity.runtime.resource.loader.ClasspathResourceLoader
2016-03-18 15:32:03,007 - ClasspathResourceLoader : initialization starting.
2016-03-18 15:32:03,007 - ClasspathResourceLoader : initialization complete.
2016-03-18 15:32:03,011 - ResourceCache : initialized. (class org.apache.velocity.runtime.resource.ResourceCacheImpl)
2016-03-18 15:32:03,011 - Default ResourceManager initialization complete.
2016-03-18 15:32:03,014 - Loaded System Directive: org.apache.velocity.runtime.directive.Literal
2016-03-18 15:32:03,017 - Loaded System Directive: org.apache.velocity.runtime.directive.Macro
2016-03-18 15:32:03,022 - Loaded System Directive: org.apache.velocity.runtime.directive.Parse
2016-03-18 15:32:03,026 - Loaded System Directive: org.apache.velocity.runtime.directive.Include
2016-03-18 15:32:03,027 - Loaded System Directive: org.apache.velocity.runtime.directive.Foreach
2016-03-18 15:32:03,077 - Created: 20 parsers.
2016-03-18 15:32:03,091 - Velocimacro : initialization starting.
2016-03-18 15:32:03,091 - Velocimacro : adding VMs from VM library template : VM_global_library.vm
2016-03-18 15:32:03,100 - ResourceManager : unable to find resource 'VM_global_library.vm' in any resource loader.
2016-03-18 15:32:03,100 - Velocimacro : error using  VM library template VM_global_library.vm : org.apache.velocity.exception.ResourceNotFoundException: Unable to find resource 'VM_global_library.vm'
2016-03-18 15:32:03,101 - Velocimacro :  VM library template macro registration complete.
2016-03-18 15:32:03,101 - Velocimacro : allowInline = true : VMs can be defined inline in templates
2016-03-18 15:32:03,101 - Velocimacro : allowInlineToOverride = false : VMs defined inline may NOT replace previous VM definitions
2016-03-18 15:32:03,101 - Velocimacro : allowInlineLocal = false : VMs defined inline will be  global in scope if allowed.
2016-03-18 15:32:03,101 - Velocimacro : messages on  : VM system will output logging messages
2016-03-18 15:32:03,101 - Velocimacro : autoload off  : VM system will not automatically reload global library macros
2016-03-18 15:32:03,101 - Velocimacro : initialization complete.
2016-03-18 15:32:03,101 - Velocity successfully started.
2016-03-18 15:32:10,936 - SimpleLog4JLogSystem initialized using logfile 'velocity.log'
2016-03-18 15:32:10,937 - ************************************************************** 
2016-03-18 15:32:10,937 - Starting Jakarta Velocity v1.4
2016-03-18 15:32:10,937 - RuntimeInstance initializing.
2016-03-18 15:32:10,937 - Default Properties File: org/apache/velocity/runtime/defaults/velocity.properties
2016-03-18 15:32:10,937 - Trying to use logger class org.apache.velocity.runtime.log.SimpleLog4JLogSystem
2016-03-18 15:32:10,937 - Using logger class org.apache.velocity.runtime.log.SimpleLog4JLogSystem
2016-03-18 15:32:10,948 - Default ResourceManager initializing. (class org.apache.velocity.runtime.resource.ResourceManagerImpl)
2016-03-18 15:32:10,957 - Resource Loader Instantiated: org.apache.velocity.runtime.resource.loader.ClasspathResourceLoader
2016-03-18 15:32:10,958 - ClasspathResourceLoader : initialization starting.
2016-03-18 15:32:10,958 - ClasspathResourceLoader : initialization complete.
2016-03-18 15:32:10,972 - ResourceCache : initialized. (class org.apache.velocity.runtime.resource.ResourceCacheImpl)
2016-03-18 15:32:10,972 - Default ResourceManager initialization complete.
2016-03-18 15:32:11,011 - Loaded System Directive: org.apache.velocity.runtime.directive.Literal
2016-03-18 15:32:11,026 - Loaded System Directive: org.apache.velocity.runtime.directive.Macro
2016-03-18 15:32:11,034 - Loaded System Directive: org.apache.velocity.runtime.directive.Parse
2016-03-18 15:32:11,043 - Loaded System Directive: org.apache.velocity.runtime.directive.Include
2016-03-18 15:32:11,045 - Loaded System Directive: org.apache.velocity.runtime.directive.Foreach
2016-03-18 15:32:11,178 - Created: 20 parsers.
2016-03-18 15:32:11,217 - Velocimacro : initialization starting.
2016-03-18 15:32:11,217 - Velocimacro : adding VMs from VM library template : VM_global_library.vm
2016-03-18 15:32:11,224 - ResourceManager : unable to find resource 'VM_global_library.vm' in any resource loader.
2016-03-18 15:32:11,224 - Velocimacro : error using  VM library template VM_global_library.vm : org.apache.velocity.exception.ResourceNotFoundException: Unable to find resource 'VM_global_library.vm'
2016-03-18 15:32:11,224 - Velocimacro :  VM library template macro registration complete.
2016-03-18 15:32:11,224 - Velocimacro : allowInline = true : VMs can be defined inline in templates
2016-03-18 15:32:11,224 - Velocimacro : allowInlineToOverride = false : VMs defined inline may NOT replace previous VM definitions
2016-03-18 15:32:11,224 - Velocimacro : allowInlineLocal = false : VMs defined inline will be  global in scope if allowed.
2016-03-18 15:32:11,224 - Velocimacro : messages on  : VM system will output logging messages
2016-03-18 15:32:11,224 - Velocimacro : autoload off  : VM system will not automatically reload global library macros
2016-03-18 15:32:11,224 - Velocimacro : initialization complete.
2016-03-18 15:32:11,225 - Velocity successfully started.
2016-03-18 15:32:12,453 - SimpleLog4JLogSystem initialized using logfile 'velocity.log'
2016-03-18 15:32:12,455 - ************************************************************** 
2016-03-18 15:32:12,455 - Starting Jakarta Velocity v1.4
2016-03-18 15:32:12,455 - RuntimeInstance initializing.
2016-03-18 15:32:12,455 - Default Properties File: org/apache/velocity/runtime/defaults/velocity.properties
2016-03-18 15:32:12,455 - Trying to use logger class org.apache.velocity.runtime.log.SimpleLog4JLogSystem
2016-03-18 15:32:12,455 - Using logger class org.apache.velocity.runtime.log.SimpleLog4JLogSystem
2016-03-18 15:32:12,467 - Default ResourceManager initializing. (class org.apache.velocity.runtime.resource.ResourceManagerImpl)
2016-03-18 15:32:12,478 - Resource Loader Instantiated: org.apache.velocity.runtime.resource.loader.ClasspathResourceLoader
2016-03-18 15:32:12,478 - ClasspathResourceLoader : initialization starting.
2016-03-18 15:32:12,478 - ClasspathResourceLoader : initialization complete.
2016-03-18 15:32:12,483 - ResourceCache : initialized. (class org.apache.velocity.runtime.resource.ResourceCacheImpl)
2016-03-18 15:32:12,483 - Default ResourceManager initialization complete.
2016-03-18 15:32:12,489 - Loaded System Directive: org.apache.velocity.runtime.directive.Literal
2016-03-18 15:32:12,495 - Loaded System Directive: org.apache.velocity.runtime.directive.Macro
2016-03-18 15:32:12,503 - Loaded System Directive: org.apache.velocity.runtime.directive.Parse
2016-03-18 15:32:12,509 - Loaded System Directive: org.apache.velocity.runtime.directive.Include
2016-03-18 15:32:12,514 - Loaded System Directive: org.apache.velocity.runtime.directive.Foreach
2016-03-18 15:32:12,579 - Created: 20 parsers.
2016-03-18 15:32:12,606 - Velocimacro : initialization starting.
2016-03-18 15:32:12,606 - Velocimacro : adding VMs from VM library template : VM_global_library.vm
2016-03-18 15:32:12,617 - ResourceManager : unable to find resource 'VM_global_library.vm' in any resource loader.
2016-03-18 15:32:12,617 - Velocimacro : error using  VM library template VM_global_library.vm : org.apache.velocity.exception.ResourceNotFoundException: Unable to find resource 'VM_global_library.vm'
2016-03-18 15:32:12,617 - Velocimacro :  VM library template macro registration complete.
2016-03-18 15:32:12,617 - Velocimacro : allowInline = true : VMs can be defined inline in templates
2016-03-18 15:32:12,617 - Velocimacro : allowInlineToOverride = false : VMs defined inline may NOT replace previous VM definitions
2016-03-18 15:32:12,617 - Velocimacro : allowInlineLocal = false : VMs defined inline will be  global in scope if allowed.
2016-03-18 15:32:12,617 - Velocimacro : messages on  : VM system will output logging messages
2016-03-18 15:32:12,617 - Velocimacro : autoload off  : VM system will not automatically reload global library macros
2016-03-18 15:32:12,617 - Velocimacro : initialization complete.
2016-03-18 15:32:12,618 - Velocity successfully started.
2016-03-18 15:33:32,543 - SimpleLog4JLogSystem initialized using logfile 'velocity.log'
2016-03-18 15:33:32,543 - ************************************************************** 
2016-03-18 15:33:32,543 - Starting Jakarta Velocity v1.4
2016-03-18 15:33:32,543 - RuntimeInstance initializing.
2016-03-18 15:33:32,543 - Default Properties File: org/apache/velocity/runtime/defaults/velocity.properties
2016-03-18 15:33:32,543 - Trying to use logger class org.apache.velocity.runtime.log.SimpleLog4JLogSystem
2016-03-18 15:33:32,543 - Using logger class org.apache.velocity.runtime.log.SimpleLog4JLogSystem
2016-03-18 15:33:32,583 - Default ResourceManager initializing. (class org.apache.velocity.runtime.resource.ResourceManagerImpl)
2016-03-18 15:33:32,592 - Resource Loader Instantiated: org.apache.velocity.runtime.resource.loader.ClasspathResourceLoader
2016-03-18 15:33:32,593 - ClasspathResourceLoader : initialization starting.
2016-03-18 15:33:32,593 - ClasspathResourceLoader : initialization complete.
2016-03-18 15:33:32,618 - ResourceCache : initialized. (class org.apache.velocity.runtime.resource.ResourceCacheImpl)
2016-03-18 15:33:32,618 - Default ResourceManager initialization complete.
2016-03-18 15:33:32,627 - Loaded System Directive: org.apache.velocity.runtime.directive.Literal
2016-03-18 15:33:32,637 - Loaded System Directive: org.apache.velocity.runtime.directive.Macro
2016-03-18 15:33:32,660 - Loaded System Directive: org.apache.velocity.runtime.directive.Parse
2016-03-18 15:33:32,667 - Loaded System Directive: org.apache.velocity.runtime.directive.Include
2016-03-18 15:33:32,683 - Loaded System Directive: org.apache.velocity.runtime.directive.Foreach
2016-03-18 15:33:32,797 - Created: 20 parsers.
2016-03-18 15:33:32,824 - Velocimacro : initialization starting.
2016-03-18 15:33:32,825 - Velocimacro : adding VMs from VM library template : VM_global_library.vm
2016-03-18 15:33:32,854 - ResourceManager : unable to find resource 'VM_global_library.vm' in any resource loader.
2016-03-18 15:33:32,855 - Velocimacro : error using  VM library template VM_global_library.vm : org.apache.velocity.exception.ResourceNotFoundException: Unable to find resource 'VM_global_library.vm'
2016-03-18 15:33:32,855 - Velocimacro :  VM library template macro registration complete.
2016-03-18 15:33:32,855 - Velocimacro : allowInline = true : VMs can be defined inline in templates
2016-03-18 15:33:32,855 - Velocimacro : allowInlineToOverride = false : VMs defined inline may NOT replace previous VM definitions
2016-03-18 15:33:32,855 - Velocimacro : allowInlineLocal = false : VMs defined inline will be  global in scope if allowed.
2016-03-18 15:33:32,855 - Velocimacro : messages on  : VM system will output logging messages
2016-03-18 15:33:32,855 - Velocimacro : autoload off  : VM system will not automatically reload global library macros
2016-03-18 15:33:32,855 - Velocimacro : initialization complete.
2016-03-18 15:33:32,855 - Velocity successfully started.
2016-03-18 15:34:59,087 - SimpleLog4JLogSystem initialized using logfile 'velocity.log'
2016-03-18 15:34:59,087 - ************************************************************** 
2016-03-18 15:34:59,087 - Starting Jakarta Velocity v1.4
2016-03-18 15:34:59,087 - RuntimeInstance initializing.
2016-03-18 15:34:59,087 - Default Properties File: org/apache/velocity/runtime/defaults/velocity.properties
2016-03-18 15:34:59,087 - Trying to use logger class org.apache.velocity.runtime.log.SimpleLog4JLogSystem
2016-03-18 15:34:59,087 - Using logger class org.apache.velocity.runtime.log.SimpleLog4JLogSystem
2016-03-18 15:34:59,116 - Default ResourceManager initializing. (class org.apache.velocity.runtime.resource.ResourceManagerImpl)
2016-03-18 15:34:59,126 - Resource Loader Instantiated: org.apache.velocity.runtime.resource.loader.ClasspathResourceLoader
2016-03-18 15:34:59,126 - ClasspathResourceLoader : initialization starting.
2016-03-18 15:34:59,126 - ClasspathResourceLoader : initialization complete.
2016-03-18 15:34:59,136 - ResourceCache : initialized. (class org.apache.velocity.runtime.resource.ResourceCacheImpl)
2016-03-18 15:34:59,136 - Default ResourceManager initialization complete.
2016-03-18 15:34:59,143 - Loaded System Directive: org.apache.velocity.runtime.directive.Literal
2016-03-18 15:34:59,151 - Loaded System Directive: org.apache.velocity.runtime.directive.Macro
2016-03-18 15:34:59,169 - Loaded System Directive: org.apache.velocity.runtime.directive.Parse
2016-03-18 15:34:59,180 - Loaded System Directive: org.apache.velocity.runtime.directive.Include
2016-03-18 15:34:59,183 - Loaded System Directive: org.apache.velocity.runtime.directive.Foreach
2016-03-18 15:34:59,287 - Created: 20 parsers.
2016-03-18 15:34:59,305 - Velocimacro : initialization starting.
2016-03-18 15:34:59,305 - Velocimacro : adding VMs from VM library template : VM_global_library.vm
2016-03-18 15:34:59,312 - ResourceManager : unable to find resource 'VM_global_library.vm' in any resource loader.
2016-03-18 15:34:59,313 - Velocimacro : error using  VM library template VM_global_library.vm : org.apache.velocity.exception.ResourceNotFoundException: Unable to find resource 'VM_global_library.vm'
2016-03-18 15:34:59,313 - Velocimacro :  VM library template macro registration complete.
2016-03-18 15:34:59,313 - Velocimacro : allowInline = true : VMs can be defined inline in templates
2016-03-18 15:34:59,313 - Velocimacro : allowInlineToOverride = false : VMs defined inline may NOT replace previous VM definitions
2016-03-18 15:34:59,313 - Velocimacro : allowInlineLocal = false : VMs defined inline will be  global in scope if allowed.
2016-03-18 15:34:59,313 - Velocimacro : messages on  : VM system will output logging messages
2016-03-18 15:34:59,313 - Velocimacro : autoload off  : VM system will not automatically reload global library macros
2016-03-18 15:34:59,313 - Velocimacro : initialization complete.
2016-03-18 15:34:59,313 - Velocity successfully started.
2016-03-18 15:35:03,915 - SimpleLog4JLogSystem initialized using logfile 'velocity.log'
2016-03-18 15:35:03,916 - ************************************************************** 
2016-03-18 15:35:03,916 - Starting Jakarta Velocity v1.4
2016-03-18 15:35:03,916 - RuntimeInstance initializing.
2016-03-18 15:35:03,916 - Default Properties File: org/apache/velocity/runtime/defaults/velocity.properties
2016-03-18 15:35:03,916 - Trying to use logger class org.apache.velocity.runtime.log.SimpleLog4JLogSystem
2016-03-18 15:35:03,916 - Using logger class org.apache.velocity.runtime.log.SimpleLog4JLogSystem
2016-03-18 15:35:03,926 - Default ResourceManager initializing. (class org.apache.velocity.runtime.resource.ResourceManagerImpl)
2016-03-18 15:35:03,936 - Resource Loader Instantiated: org.apache.velocity.runtime.resource.loader.ClasspathResourceLoader
2016-03-18 15:35:03,936 - ClasspathResourceLoader : initialization starting.
2016-03-18 15:35:03,936 - ClasspathResourceLoader : initialization complete.
2016-03-18 15:35:03,942 - ResourceCache : initialized. (class org.apache.velocity.runtime.resource.ResourceCacheImpl)
2016-03-18 15:35:03,942 - Default ResourceManager initialization complete.
2016-03-18 15:35:03,947 - Loaded System Directive: org.apache.velocity.runtime.directive.Literal
2016-03-18 15:35:03,954 - Loaded System Directive: org.apache.velocity.runtime.directive.Macro
2016-03-18 15:35:03,963 - Loaded System Directive: org.apache.velocity.runtime.directive.Parse
2016-03-18 15:35:03,976 - Loaded System Directive: org.apache.velocity.runtime.directive.Include
2016-03-18 15:35:03,980 - Loaded System Directive: org.apache.velocity.runtime.directive.Foreach
2016-03-18 15:35:04,041 - Created: 20 parsers.
2016-03-18 15:35:04,067 - Velocimacro : initialization starting.
2016-03-18 15:35:04,068 - Velocimacro : adding VMs from VM library template : VM_global_library.vm
2016-03-18 15:35:04,078 - ResourceManager : unable to find resource 'VM_global_library.vm' in any resource loader.
2016-03-18 15:35:04,079 - Velocimacro : error using  VM library template VM_global_library.vm : org.apache.velocity.exception.ResourceNotFoundException: Unable to find resource 'VM_global_library.vm'
2016-03-18 15:35:04,079 - Velocimacro :  VM library template macro registration complete.
2016-03-18 15:35:04,079 - Velocimacro : allowInline = true : VMs can be defined inline in templates
2016-03-18 15:35:04,079 - Velocimacro : allowInlineToOverride = false : VMs defined inline may NOT replace previous VM definitions
2016-03-18 15:35:04,079 - Velocimacro : allowInlineLocal = false : VMs defined inline will be  global in scope if allowed.
2016-03-18 15:35:04,079 - Velocimacro : messages on  : VM system will output logging messages
2016-03-18 15:35:04,079 - Velocimacro : autoload off  : VM system will not automatically reload global library macros
2016-03-18 15:35:04,079 - Velocimacro : initialization complete.
2016-03-18 15:35:04,079 - Velocity successfully started.
2016-03-18 16:10:24,283 - SimpleLog4JLogSystem initialized using logfile 'velocity.log'
2016-03-18 16:10:24,283 - ************************************************************** 
2016-03-18 16:10:24,283 - Starting Jakarta Velocity v1.4
2016-03-18 16:10:24,283 - RuntimeInstance initializing.
2016-03-18 16:10:24,283 - Default Properties File: org/apache/velocity/runtime/defaults/velocity.properties
2016-03-18 16:10:24,283 - Trying to use logger class org.apache.velocity.runtime.log.SimpleLog4JLogSystem
2016-03-18 16:10:24,283 - Using logger class org.apache.velocity.runtime.log.SimpleLog4JLogSystem
2016-03-18 16:10:24,336 - Default ResourceManager initializing. (class org.apache.velocity.runtime.resource.ResourceManagerImpl)
2016-03-18 16:10:24,344 - Resource Loader Instantiated: org.apache.velocity.runtime.resource.loader.ClasspathResourceLoader
2016-03-18 16:10:24,344 - ClasspathResourceLoader : initialization starting.
2016-03-18 16:10:24,344 - ClasspathResourceLoader : initialization complete.
2016-03-18 16:10:24,361 - ResourceCache : initialized. (class org.apache.velocity.runtime.resource.ResourceCacheImpl)
2016-03-18 16:10:24,361 - Default ResourceManager initialization complete.
2016-03-18 16:10:24,365 - Loaded System Directive: org.apache.velocity.runtime.directive.Literal
2016-03-18 16:10:24,370 - Loaded System Directive: org.apache.velocity.runtime.directive.Macro
2016-03-18 16:10:24,384 - Loaded System Directive: org.apache.velocity.runtime.directive.Parse
2016-03-18 16:10:24,389 - Loaded System Directive: org.apache.velocity.runtime.directive.Include
2016-03-18 16:10:24,395 - Loaded System Directive: org.apache.velocity.runtime.directive.Foreach
2016-03-18 16:10:24,486 - Created: 20 parsers.
2016-03-18 16:10:24,516 - Velocimacro : initialization starting.
2016-03-18 16:10:24,516 - Velocimacro : adding VMs from VM library template : VM_global_library.vm
2016-03-18 16:10:24,536 - ResourceManager : unable to find resource 'VM_global_library.vm' in any resource loader.
2016-03-18 16:10:24,536 - Velocimacro : error using  VM library template VM_global_library.vm : org.apache.velocity.exception.ResourceNotFoundException: Unable to find resource 'VM_global_library.vm'
2016-03-18 16:10:24,536 - Velocimacro :  VM library template macro registration complete.
2016-03-18 16:10:24,536 - Velocimacro : allowInline = true : VMs can be defined inline in templates
2016-03-18 16:10:24,536 - Velocimacro : allowInlineToOverride = false : VMs defined inline may NOT replace previous VM definitions
2016-03-18 16:10:24,536 - Velocimacro : allowInlineLocal = false : VMs defined inline will be  global in scope if allowed.
2016-03-18 16:10:24,536 - Velocimacro : messages on  : VM system will output logging messages
2016-03-18 16:10:24,541 - Velocimacro : autoload off  : VM system will not automatically reload global library macros
2016-03-18 16:10:24,541 - Velocimacro : initialization complete.
2016-03-18 16:10:24,541 - Velocity successfully started.
2016-03-18 16:11:29,451 - SimpleLog4JLogSystem initialized using logfile 'velocity.log'
2016-03-18 16:11:29,452 - ************************************************************** 
2016-03-18 16:11:29,452 - Starting Jakarta Velocity v1.4
2016-03-18 16:11:29,452 - RuntimeInstance initializing.
2016-03-18 16:11:29,452 - Default Properties File: org/apache/velocity/runtime/defaults/velocity.properties
2016-03-18 16:11:29,452 - Trying to use logger class org.apache.velocity.runtime.log.SimpleLog4JLogSystem
2016-03-18 16:11:29,452 - Using logger class org.apache.velocity.runtime.log.SimpleLog4JLogSystem
2016-03-18 16:11:29,460 - Default ResourceManager initializing. (class org.apache.velocity.runtime.resource.ResourceManagerImpl)
2016-03-18 16:11:29,466 - Resource Loader Instantiated: org.apache.velocity.runtime.resource.loader.ClasspathResourceLoader
2016-03-18 16:11:29,466 - ClasspathResourceLoader : initialization starting.
2016-03-18 16:11:29,466 - ClasspathResourceLoader : initialization complete.
2016-03-18 16:11:29,469 - ResourceCache : initialized. (class org.apache.velocity.runtime.resource.ResourceCacheImpl)
2016-03-18 16:11:29,469 - Default ResourceManager initialization complete.
2016-03-18 16:11:29,472 - Loaded System Directive: org.apache.velocity.runtime.directive.Literal
2016-03-18 16:11:29,477 - Loaded System Directive: org.apache.velocity.runtime.directive.Macro
2016-03-18 16:11:29,485 - Loaded System Directive: org.apache.velocity.runtime.directive.Parse
2016-03-18 16:11:29,490 - Loaded System Directive: org.apache.velocity.runtime.directive.Include
2016-03-18 16:11:29,493 - Loaded System Directive: org.apache.velocity.runtime.directive.Foreach
2016-03-18 16:11:29,538 - Created: 20 parsers.
2016-03-18 16:11:29,544 - Velocimacro : initialization starting.
2016-03-18 16:11:29,544 - Velocimacro : adding VMs from VM library template : VM_global_library.vm
2016-03-18 16:11:29,549 - ResourceManager : unable to find resource 'VM_global_library.vm' in any resource loader.
2016-03-18 16:11:29,549 - Velocimacro : error using  VM library template VM_global_library.vm : org.apache.velocity.exception.ResourceNotFoundException: Unable to find resource 'VM_global_library.vm'
2016-03-18 16:11:29,549 - Velocimacro :  VM library template macro registration complete.
2016-03-18 16:11:29,549 - Velocimacro : allowInline = true : VMs can be defined inline in templates
2016-03-18 16:11:29,550 - Velocimacro : allowInlineToOverride = false : VMs defined inline may NOT replace previous VM definitions
2016-03-18 16:11:29,550 - Velocimacro : allowInlineLocal = false : VMs defined inline will be  global in scope if allowed.
2016-03-18 16:11:29,550 - Velocimacro : messages on  : VM system will output logging messages
2016-03-18 16:11:29,550 - Velocimacro : autoload off  : VM system will not automatically reload global library macros
2016-03-18 16:11:29,550 - Velocimacro : initialization complete.
2016-03-18 16:11:29,550 - Velocity successfully started.
2016-03-19 09:54:58,454 - SimpleLog4JLogSystem initialized using logfile 'velocity.log'
2016-03-19 09:54:58,455 - ************************************************************** 
2016-03-19 09:54:58,455 - Starting Jakarta Velocity v1.4
2016-03-19 09:54:58,455 - RuntimeInstance initializing.
2016-03-19 09:54:58,455 - Default Properties File: org/apache/velocity/runtime/defaults/velocity.properties
2016-03-19 09:54:58,455 - Trying to use logger class org.apache.velocity.runtime.log.SimpleLog4JLogSystem
2016-03-19 09:54:58,455 - Using logger class org.apache.velocity.runtime.log.SimpleLog4JLogSystem
2016-03-19 09:54:58,465 - Default ResourceManager initializing. (class org.apache.velocity.runtime.resource.ResourceManagerImpl)
2016-03-19 09:54:58,474 - Resource Loader Instantiated: org.apache.velocity.runtime.resource.loader.ClasspathResourceLoader
2016-03-19 09:54:58,474 - ClasspathResourceLoader : initialization starting.
2016-03-19 09:54:58,474 - ClasspathResourceLoader : initialization complete.
2016-03-19 09:54:58,480 - ResourceCache : initialized. (class org.apache.velocity.runtime.resource.ResourceCacheImpl)
2016-03-19 09:54:58,480 - Default ResourceManager initialization complete.
2016-03-19 09:54:58,485 - Loaded System Directive: org.apache.velocity.runtime.directive.Literal
2016-03-19 09:54:58,491 - Loaded System Directive: org.apache.velocity.runtime.directive.Macro
2016-03-19 09:54:58,499 - Loaded System Directive: org.apache.velocity.runtime.directive.Parse
2016-03-19 09:54:58,505 - Loaded System Directive: org.apache.velocity.runtime.directive.Include
2016-03-19 09:54:58,508 - Loaded System Directive: org.apache.velocity.runtime.directive.Foreach
2016-03-19 09:54:58,572 - Created: 20 parsers.
2016-03-19 09:54:58,592 - Velocimacro : initialization starting.
2016-03-19 09:54:58,592 - Velocimacro : adding VMs from VM library template : VM_global_library.vm
2016-03-19 09:54:58,599 - ResourceManager : unable to find resource 'VM_global_library.vm' in any resource loader.
2016-03-19 09:54:58,600 - Velocimacro : error using  VM library template VM_global_library.vm : org.apache.velocity.exception.ResourceNotFoundException: Unable to find resource 'VM_global_library.vm'
2016-03-19 09:54:58,600 - Velocimacro :  VM library template macro registration complete.
2016-03-19 09:54:58,600 - Velocimacro : allowInline = true : VMs can be defined inline in templates
2016-03-19 09:54:58,600 - Velocimacro : allowInlineToOverride = false : VMs defined inline may NOT replace previous VM definitions
2016-03-19 09:54:58,600 - Velocimacro : allowInlineLocal = false : VMs defined inline will be  global in scope if allowed.
2016-03-19 09:54:58,600 - Velocimacro : messages on  : VM system will output logging messages
2016-03-19 09:54:58,600 - Velocimacro : autoload off  : VM system will not automatically reload global library macros
2016-03-19 09:54:58,600 - Velocimacro : initialization complete.
2016-03-19 09:54:58,600 - Velocity successfully started.
2016-03-19 09:56:15,487 - ResourceManager : found repast/simphony/scenario/Scenario.vt with loader org.apache.velocity.runtime.resource.loader.ClasspathResourceLoader
2016-03-19 09:56:30,456 - SimpleLog4JLogSystem initialized using logfile 'velocity.log'
2016-03-19 09:56:30,456 - ************************************************************** 
2016-03-19 09:56:30,457 - Starting Jakarta Velocity v1.4
2016-03-19 09:56:30,457 - RuntimeInstance initializing.
2016-03-19 09:56:30,457 - Default Properties File: org/apache/velocity/runtime/defaults/velocity.properties
2016-03-19 09:56:30,457 - Trying to use logger class org.apache.velocity.runtime.log.SimpleLog4JLogSystem
2016-03-19 09:56:30,457 - Using logger class org.apache.velocity.runtime.log.SimpleLog4JLogSystem
2016-03-19 09:56:30,464 - Default ResourceManager initializing. (class org.apache.velocity.runtime.resource.ResourceManagerImpl)
2016-03-19 09:56:30,471 - Resource Loader Instantiated: org.apache.velocity.runtime.resource.loader.ClasspathResourceLoader
2016-03-19 09:56:30,471 - ClasspathResourceLoader : initialization starting.
2016-03-19 09:56:30,471 - ClasspathResourceLoader : initialization complete.
2016-03-19 09:56:30,474 - ResourceCache : initialized. (class org.apache.velocity.runtime.resource.ResourceCacheImpl)
2016-03-19 09:56:30,474 - Default ResourceManager initialization complete.
2016-03-19 09:56:30,477 - Loaded System Directive: org.apache.velocity.runtime.directive.Literal
2016-03-19 09:56:30,480 - Loaded System Directive: org.apache.velocity.runtime.directive.Macro
2016-03-19 09:56:30,488 - Loaded System Directive: org.apache.velocity.runtime.directive.Parse
2016-03-19 09:56:30,492 - Loaded System Directive: org.apache.velocity.runtime.directive.Include
2016-03-19 09:56:30,493 - Loaded System Directive: org.apache.velocity.runtime.directive.Foreach
2016-03-19 09:56:30,529 - Created: 20 parsers.
2016-03-19 09:56:30,543 - Velocimacro : initialization starting.
2016-03-19 09:56:30,543 - Velocimacro : adding VMs from VM library template : VM_global_library.vm
2016-03-19 09:56:30,549 - ResourceManager : unable to find resource 'VM_global_library.vm' in any resource loader.
2016-03-19 09:56:30,549 - Velocimacro : error using  VM library template VM_global_library.vm : org.apache.velocity.exception.ResourceNotFoundException: Unable to find resource 'VM_global_library.vm'
2016-03-19 09:56:30,549 - Velocimacro :  VM library template macro registration complete.
2016-03-19 09:56:30,549 - Velocimacro : allowInline = true : VMs can be defined inline in templates
2016-03-19 09:56:30,550 - Velocimacro : allowInlineToOverride = false : VMs defined inline may NOT replace previous VM definitions
2016-03-19 09:56:30,550 - Velocimacro : allowInlineLocal = false : VMs defined inline will be  global in scope if allowed.
2016-03-19 09:56:30,550 - Velocimacro : messages on  : VM system will output logging messages
2016-03-19 09:56:30,550 - Velocimacro : autoload off  : VM system will not automatically reload global library macros
2016-03-19 09:56:30,550 - Velocimacro : initialization complete.
2016-03-19 09:56:30,550 - Velocity successfully started.
2016-03-19 10:05:17,624 - SimpleLog4JLogSystem initialized using logfile 'velocity.log'
2016-03-19 10:05:17,624 - ************************************************************** 
2016-03-19 10:05:17,624 - Starting Jakarta Velocity v1.4
2016-03-19 10:05:17,624 - RuntimeInstance initializing.
2016-03-19 10:05:17,624 - Default Properties File: org/apache/velocity/runtime/defaults/velocity.properties
2016-03-19 10:05:17,624 - Trying to use logger class org.apache.velocity.runtime.log.SimpleLog4JLogSystem
2016-03-19 10:05:17,624 - Using logger class org.apache.velocity.runtime.log.SimpleLog4JLogSystem
2016-03-19 10:05:17,630 - Default ResourceManager initializing. (class org.apache.velocity.runtime.resource.ResourceManagerImpl)
2016-03-19 10:05:17,635 - Resource Loader Instantiated: org.apache.velocity.runtime.resource.loader.ClasspathResourceLoader
2016-03-19 10:05:17,635 - ClasspathResourceLoader : initialization starting.
2016-03-19 10:05:17,635 - ClasspathResourceLoader : initialization complete.
2016-03-19 10:05:17,638 - ResourceCache : initialized. (class org.apache.velocity.runtime.resource.ResourceCacheImpl)
2016-03-19 10:05:17,638 - Default ResourceManager initialization complete.
2016-03-19 10:05:17,641 - Loaded System Directive: org.apache.velocity.runtime.directive.Literal
2016-03-19 10:05:17,645 - Loaded System Directive: org.apache.velocity.runtime.directive.Macro
2016-03-19 10:05:17,649 - Loaded System Directive: org.apache.velocity.runtime.directive.Parse
2016-03-19 10:05:17,652 - Loaded System Directive: org.apache.velocity.runtime.directive.Include
2016-03-19 10:05:17,654 - Loaded System Directive: org.apache.velocity.runtime.directive.Foreach
2016-03-19 10:05:17,690 - Created: 20 parsers.
2016-03-19 10:05:17,704 - Velocimacro : initialization starting.
2016-03-19 10:05:17,704 - Velocimacro : adding VMs from VM library template : VM_global_library.vm
2016-03-19 10:05:17,710 - ResourceManager : unable to find resource 'VM_global_library.vm' in any resource loader.
2016-03-19 10:05:17,710 - Velocimacro : error using  VM library template VM_global_library.vm : org.apache.velocity.exception.ResourceNotFoundException: Unable to find resource 'VM_global_library.vm'
2016-03-19 10:05:17,710 - Velocimacro :  VM library template macro registration complete.
2016-03-19 10:05:17,710 - Velocimacro : allowInline = true : VMs can be defined inline in templates
2016-03-19 10:05:17,710 - Velocimacro : allowInlineToOverride = false : VMs defined inline may NOT replace previous VM definitions
2016-03-19 10:05:17,710 - Velocimacro : allowInlineLocal = false : VMs defined inline will be  global in scope if allowed.
2016-03-19 10:05:17,710 - Velocimacro : messages on  : VM system will output logging messages
2016-03-19 10:05:17,710 - Velocimacro : autoload off  : VM system will not automatically reload global library macros
2016-03-19 10:05:17,710 - Velocimacro : initialization complete.
2016-03-19 10:05:17,710 - Velocity successfully started.
2016-03-19 10:08:25,328 - SimpleLog4JLogSystem initialized using logfile 'velocity.log'
2016-03-19 10:08:25,329 - ************************************************************** 
2016-03-19 10:08:25,329 - Starting Jakarta Velocity v1.4
2016-03-19 10:08:25,329 - RuntimeInstance initializing.
2016-03-19 10:08:25,329 - Default Properties File: org/apache/velocity/runtime/defaults/velocity.properties
2016-03-19 10:08:25,329 - Trying to use logger class org.apache.velocity.runtime.log.SimpleLog4JLogSystem
2016-03-19 10:08:25,329 - Using logger class org.apache.velocity.runtime.log.SimpleLog4JLogSystem
2016-03-19 10:08:25,334 - Default ResourceManager initializing. (class org.apache.velocity.runtime.resource.ResourceManagerImpl)
2016-03-19 10:08:25,341 - Resource Loader Instantiated: org.apache.velocity.runtime.resource.loader.ClasspathResourceLoader
2016-03-19 10:08:25,341 - ClasspathResourceLoader : initialization starting.
2016-03-19 10:08:25,341 - ClasspathResourceLoader : initialization complete.
2016-03-19 10:08:25,346 - ResourceCache : initialized. (class org.apache.velocity.runtime.resource.ResourceCacheImpl)
2016-03-19 10:08:25,346 - Default ResourceManager initialization complete.
2016-03-19 10:08:25,351 - Loaded System Directive: org.apache.velocity.runtime.directive.Literal
2016-03-19 10:08:25,356 - Loaded System Directive: org.apache.velocity.runtime.directive.Macro
2016-03-19 10:08:25,364 - Loaded System Directive: org.apache.velocity.runtime.directive.Parse
2016-03-19 10:08:25,369 - Loaded System Directive: org.apache.velocity.runtime.directive.Include
2016-03-19 10:08:25,372 - Loaded System Directive: org.apache.velocity.runtime.directive.Foreach
2016-03-19 10:08:25,414 - Created: 20 parsers.
2016-03-19 10:08:25,429 - Velocimacro : initialization starting.
2016-03-19 10:08:25,429 - Velocimacro : adding VMs from VM library template : VM_global_library.vm
2016-03-19 10:08:25,435 - ResourceManager : unable to find resource 'VM_global_library.vm' in any resource loader.
2016-03-19 10:08:25,435 - Velocimacro : error using  VM library template VM_global_library.vm : org.apache.velocity.exception.ResourceNotFoundException: Unable to find resource 'VM_global_library.vm'
2016-03-19 10:08:25,435 - Velocimacro :  VM library template macro registration complete.
2016-03-19 10:08:25,435 - Velocimacro : allowInline = true : VMs can be defined inline in templates
2016-03-19 10:08:25,435 - Velocimacro : allowInlineToOverride = false : VMs defined inline may NOT replace previous VM definitions
2016-03-19 10:08:25,435 - Velocimacro : allowInlineLocal = false : VMs defined inline will be  global in scope if allowed.
2016-03-19 10:08:25,435 - Velocimacro : messages on  : VM system will output logging messages
2016-03-19 10:08:25,435 - Velocimacro : autoload off  : VM system will not automatically reload global library macros
2016-03-19 10:08:25,435 - Velocimacro : initialization complete.
2016-03-19 10:08:25,435 - Velocity successfully started.
2016-03-19 10:14:48,033 - SimpleLog4JLogSystem initialized using logfile 'velocity.log'
2016-03-19 10:14:48,033 - ************************************************************** 
2016-03-19 10:14:48,033 - Starting Jakarta Velocity v1.4
2016-03-19 10:14:48,033 - RuntimeInstance initializing.
2016-03-19 10:14:48,033 - Default Properties File: org/apache/velocity/runtime/defaults/velocity.properties
2016-03-19 10:14:48,033 - Trying to use logger class org.apache.velocity.runtime.log.SimpleLog4JLogSystem
2016-03-19 10:14:48,033 - Using logger class org.apache.velocity.runtime.log.SimpleLog4JLogSystem
2016-03-19 10:14:48,039 - Default ResourceManager initializing. (class org.apache.velocity.runtime.resource.ResourceManagerImpl)
2016-03-19 10:14:48,044 - Resource Loader Instantiated: org.apache.velocity.runtime.resource.loader.ClasspathResourceLoader
2016-03-19 10:14:48,044 - ClasspathResourceLoader : initialization starting.
2016-03-19 10:14:48,044 - ClasspathResourceLoader : initialization complete.
2016-03-19 10:14:48,048 - ResourceCache : initialized. (class org.apache.velocity.runtime.resource.ResourceCacheImpl)
2016-03-19 10:14:48,048 - Default ResourceManager initialization complete.
2016-03-19 10:14:48,051 - Loaded System Directive: org.apache.velocity.runtime.directive.Literal
2016-03-19 10:14:48,054 - Loaded System Directive: org.apache.velocity.runtime.directive.Macro
2016-03-19 10:14:48,059 - Loaded System Directive: org.apache.velocity.runtime.directive.Parse
2016-03-19 10:14:48,062 - Loaded System Directive: org.apache.velocity.runtime.directive.Include
2016-03-19 10:14:48,064 - Loaded System Directive: org.apache.velocity.runtime.directive.Foreach
2016-03-19 10:14:48,106 - Created: 20 parsers.
2016-03-19 10:14:48,128 - Velocimacro : initialization starting.
2016-03-19 10:14:48,128 - Velocimacro : adding VMs from VM library template : VM_global_library.vm
2016-03-19 10:14:48,139 - ResourceManager : unable to find resource 'VM_global_library.vm' in any resource loader.
2016-03-19 10:14:48,139 - Velocimacro : error using  VM library template VM_global_library.vm : org.apache.velocity.exception.ResourceNotFoundException: Unable to find resource 'VM_global_library.vm'
2016-03-19 10:14:48,139 - Velocimacro :  VM library template macro registration complete.
2016-03-19 10:14:48,139 - Velocimacro : allowInline = true : VMs can be defined inline in templates
2016-03-19 10:14:48,139 - Velocimacro : allowInlineToOverride = false : VMs defined inline may NOT replace previous VM definitions
2016-03-19 10:14:48,139 - Velocimacro : allowInlineLocal = false : VMs defined inline will be  global in scope if allowed.
2016-03-19 10:14:48,139 - Velocimacro : messages on  : VM system will output logging messages
2016-03-19 10:14:48,139 - Velocimacro : autoload off  : VM system will not automatically reload global library macros
2016-03-19 10:14:48,139 - Velocimacro : initialization complete.
2016-03-19 10:14:48,139 - Velocity successfully started.
2016-03-19 10:15:24,750 - ResourceManager : found repast/simphony/scenario/Scenario.vt with loader org.apache.velocity.runtime.resource.loader.ClasspathResourceLoader
2016-03-19 10:15:33,727 - SimpleLog4JLogSystem initialized using logfile 'velocity.log'
2016-03-19 10:15:33,727 - ************************************************************** 
2016-03-19 10:15:33,727 - Starting Jakarta Velocity v1.4
2016-03-19 10:15:33,727 - RuntimeInstance initializing.
2016-03-19 10:15:33,727 - Default Properties File: org/apache/velocity/runtime/defaults/velocity.properties
2016-03-19 10:15:33,727 - Trying to use logger class org.apache.velocity.runtime.log.SimpleLog4JLogSystem
2016-03-19 10:15:33,727 - Using logger class org.apache.velocity.runtime.log.SimpleLog4JLogSystem
2016-03-19 10:15:33,734 - Default ResourceManager initializing. (class org.apache.velocity.runtime.resource.ResourceManagerImpl)
2016-03-19 10:15:33,739 - Resource Loader Instantiated: org.apache.velocity.runtime.resource.loader.ClasspathResourceLoader
2016-03-19 10:15:33,739 - ClasspathResourceLoader : initialization starting.
2016-03-19 10:15:33,739 - ClasspathResourceLoader : initialization complete.
2016-03-19 10:15:33,744 - ResourceCache : initialized. (class org.apache.velocity.runtime.resource.ResourceCacheImpl)
2016-03-19 10:15:33,744 - Default ResourceManager initialization complete.
2016-03-19 10:15:33,749 - Loaded System Directive: org.apache.velocity.runtime.directive.Literal
2016-03-19 10:15:33,754 - Loaded System Directive: org.apache.velocity.runtime.directive.Macro
2016-03-19 10:15:33,761 - Loaded System Directive: org.apache.velocity.runtime.directive.Parse
2016-03-19 10:15:33,765 - Loaded System Directive: org.apache.velocity.runtime.directive.Include
2016-03-19 10:15:33,766 - Loaded System Directive: org.apache.velocity.runtime.directive.Foreach
2016-03-19 10:15:33,809 - Created: 20 parsers.
2016-03-19 10:15:33,823 - Velocimacro : initialization starting.
2016-03-19 10:15:33,823 - Velocimacro : adding VMs from VM library template : VM_global_library.vm
2016-03-19 10:15:33,829 - ResourceManager : unable to find resource 'VM_global_library.vm' in any resource loader.
2016-03-19 10:15:33,829 - Velocimacro : error using  VM library template VM_global_library.vm : org.apache.velocity.exception.ResourceNotFoundException: Unable to find resource 'VM_global_library.vm'
2016-03-19 10:15:33,829 - Velocimacro :  VM library template macro registration complete.
2016-03-19 10:15:33,829 - Velocimacro : allowInline = true : VMs can be defined inline in templates
2016-03-19 10:15:33,829 - Velocimacro : allowInlineToOverride = false : VMs defined inline may NOT replace previous VM definitions
2016-03-19 10:15:33,829 - Velocimacro : allowInlineLocal = false : VMs defined inline will be  global in scope if allowed.
2016-03-19 10:15:33,829 - Velocimacro : messages on  : VM system will output logging messages
2016-03-19 10:15:33,829 - Velocimacro : autoload off  : VM system will not automatically reload global library macros
2016-03-19 10:15:33,829 - Velocimacro : initialization complete.
2016-03-19 10:15:33,829 - Velocity successfully started.
2016-03-19 10:35:18,810 - SimpleLog4JLogSystem initialized using logfile 'velocity.log'
2016-03-19 10:35:18,810 - ************************************************************** 
2016-03-19 10:35:18,810 - Starting Jakarta Velocity v1.4
2016-03-19 10:35:18,810 - RuntimeInstance initializing.
2016-03-19 10:35:18,810 - Default Properties File: org/apache/velocity/runtime/defaults/velocity.properties
2016-03-19 10:35:18,810 - Trying to use logger class org.apache.velocity.runtime.log.SimpleLog4JLogSystem
2016-03-19 10:35:18,810 - Using logger class org.apache.velocity.runtime.log.SimpleLog4JLogSystem
2016-03-19 10:35:18,817 - Default ResourceManager initializing. (class org.apache.velocity.runtime.resource.ResourceManagerImpl)
2016-03-19 10:35:18,822 - Resource Loader Instantiated: org.apache.velocity.runtime.resource.loader.ClasspathResourceLoader
2016-03-19 10:35:18,822 - ClasspathResourceLoader : initialization starting.
2016-03-19 10:35:18,822 - ClasspathResourceLoader : initialization complete.
2016-03-19 10:35:18,827 - ResourceCache : initialized. (class org.apache.velocity.runtime.resource.ResourceCacheImpl)
2016-03-19 10:35:18,827 - Default ResourceManager initialization complete.
2016-03-19 10:35:18,831 - Loaded System Directive: org.apache.velocity.runtime.directive.Literal
2016-03-19 10:35:18,837 - Loaded System Directive: org.apache.velocity.runtime.directive.Macro
2016-03-19 10:35:18,844 - Loaded System Directive: org.apache.velocity.runtime.directive.Parse
2016-03-19 10:35:18,847 - Loaded System Directive: org.apache.velocity.runtime.directive.Include
2016-03-19 10:35:18,849 - Loaded System Directive: org.apache.velocity.runtime.directive.Foreach
2016-03-19 10:35:18,894 - Created: 20 parsers.
2016-03-19 10:35:18,908 - Velocimacro : initialization starting.
2016-03-19 10:35:18,908 - Velocimacro : adding VMs from VM library template : VM_global_library.vm
2016-03-19 10:35:18,914 - ResourceManager : unable to find resource 'VM_global_library.vm' in any resource loader.
2016-03-19 10:35:18,914 - Velocimacro : error using  VM library template VM_global_library.vm : org.apache.velocity.exception.ResourceNotFoundException: Unable to find resource 'VM_global_library.vm'
2016-03-19 10:35:18,914 - Velocimacro :  VM library template macro registration complete.
2016-03-19 10:35:18,914 - Velocimacro : allowInline = true : VMs can be defined inline in templates
2016-03-19 10:35:18,914 - Velocimacro : allowInlineToOverride = false : VMs defined inline may NOT replace previous VM definitions
2016-03-19 10:35:18,914 - Velocimacro : allowInlineLocal = false : VMs defined inline will be  global in scope if allowed.
2016-03-19 10:35:18,914 - Velocimacro : messages on  : VM system will output logging messages
2016-03-19 10:35:18,914 - Velocimacro : autoload off  : VM system will not automatically reload global library macros
2016-03-19 10:35:18,915 - Velocimacro : initialization complete.
2016-03-19 10:35:18,915 - Velocity successfully started.
2016-03-19 10:54:20,962 - SimpleLog4JLogSystem initialized using logfile 'velocity.log'
2016-03-19 10:54:20,962 - ************************************************************** 
2016-03-19 10:54:20,962 - Starting Jakarta Velocity v1.4
2016-03-19 10:54:20,963 - RuntimeInstance initializing.
2016-03-19 10:54:20,963 - Default Properties File: org/apache/velocity/runtime/defaults/velocity.properties
2016-03-19 10:54:20,963 - Trying to use logger class org.apache.velocity.runtime.log.SimpleLog4JLogSystem
2016-03-19 10:54:20,963 - Using logger class org.apache.velocity.runtime.log.SimpleLog4JLogSystem
2016-03-19 10:54:20,972 - Default ResourceManager initializing. (class org.apache.velocity.runtime.resource.ResourceManagerImpl)
2016-03-19 10:54:20,981 - Resource Loader Instantiated: org.apache.velocity.runtime.resource.loader.ClasspathResourceLoader
2016-03-19 10:54:20,981 - ClasspathResourceLoader : initialization starting.
2016-03-19 10:54:20,981 - ClasspathResourceLoader : initialization complete.
2016-03-19 10:54:20,987 - ResourceCache : initialized. (class org.apache.velocity.runtime.resource.ResourceCacheImpl)
2016-03-19 10:54:20,987 - Default ResourceManager initialization complete.
2016-03-19 10:54:20,992 - Loaded System Directive: org.apache.velocity.runtime.directive.Literal
2016-03-19 10:54:20,998 - Loaded System Directive: org.apache.velocity.runtime.directive.Macro
2016-03-19 10:54:21,005 - Loaded System Directive: org.apache.velocity.runtime.directive.Parse
2016-03-19 10:54:21,009 - Loaded System Directive: org.apache.velocity.runtime.directive.Include
2016-03-19 10:54:21,011 - Loaded System Directive: org.apache.velocity.runtime.directive.Foreach
2016-03-19 10:54:21,075 - Created: 20 parsers.
2016-03-19 10:54:21,100 - Velocimacro : initialization starting.
2016-03-19 10:54:21,100 - Velocimacro : adding VMs from VM library template : VM_global_library.vm
2016-03-19 10:54:21,111 - ResourceManager : unable to find resource 'VM_global_library.vm' in any resource loader.
2016-03-19 10:54:21,112 - Velocimacro : error using  VM library template VM_global_library.vm : org.apache.velocity.exception.ResourceNotFoundException: Unable to find resource 'VM_global_library.vm'
2016-03-19 10:54:21,112 - Velocimacro :  VM library template macro registration complete.
2016-03-19 10:54:21,112 - Velocimacro : allowInline = true : VMs can be defined inline in templates
2016-03-19 10:54:21,112 - Velocimacro : allowInlineToOverride = false : VMs defined inline may NOT replace previous VM definitions
2016-03-19 10:54:21,112 - Velocimacro : allowInlineLocal = false : VMs defined inline will be  global in scope if allowed.
2016-03-19 10:54:21,112 - Velocimacro : messages on  : VM system will output logging messages
2016-03-19 10:54:21,112 - Velocimacro : autoload off  : VM system will not automatically reload global library macros
2016-03-19 10:54:21,112 - Velocimacro : initialization complete.
2016-03-19 10:54:21,112 - Velocity successfully started.
2016-03-19 17:35:15,520 - ResourceManager : found repast/simphony/scenario/Scenario.vt with loader org.apache.velocity.runtime.resource.loader.ClasspathResourceLoader
2016-03-19 17:35:20,510 - ResourceManager : found repast/simphony/scenario/Scenario.vt with loader org.apache.velocity.runtime.resource.loader.ClasspathResourceLoader
2016-03-19 17:35:34,371 - SimpleLog4JLogSystem initialized using logfile 'velocity.log'
2016-03-19 17:35:34,372 - ************************************************************** 
2016-03-19 17:35:34,372 - Starting Jakarta Velocity v1.4
2016-03-19 17:35:34,372 - RuntimeInstance initializing.
2016-03-19 17:35:34,372 - Default Properties File: org/apache/velocity/runtime/defaults/velocity.properties
2016-03-19 17:35:34,372 - Trying to use logger class org.apache.velocity.runtime.log.SimpleLog4JLogSystem
2016-03-19 17:35:34,372 - Using logger class org.apache.velocity.runtime.log.SimpleLog4JLogSystem
2016-03-19 17:35:34,380 - Default ResourceManager initializing. (class org.apache.velocity.runtime.resource.ResourceManagerImpl)
2016-03-19 17:35:34,385 - Resource Loader Instantiated: org.apache.velocity.runtime.resource.loader.ClasspathResourceLoader
2016-03-19 17:35:34,385 - ClasspathResourceLoader : initialization starting.
2016-03-19 17:35:34,385 - ClasspathResourceLoader : initialization complete.
2016-03-19 17:35:34,388 - ResourceCache : initialized. (class org.apache.velocity.runtime.resource.ResourceCacheImpl)
2016-03-19 17:35:34,388 - Default ResourceManager initialization complete.
2016-03-19 17:35:34,391 - Loaded System Directive: org.apache.velocity.runtime.directive.Literal
2016-03-19 17:35:34,394 - Loaded System Directive: org.apache.velocity.runtime.directive.Macro
2016-03-19 17:35:34,399 - Loaded System Directive: org.apache.velocity.runtime.directive.Parse
2016-03-19 17:35:34,402 - Loaded System Directive: org.apache.velocity.runtime.directive.Include
2016-03-19 17:35:34,403 - Loaded System Directive: org.apache.velocity.runtime.directive.Foreach
2016-03-19 17:35:34,442 - Created: 20 parsers.
2016-03-19 17:35:34,456 - Velocimacro : initialization starting.
2016-03-19 17:35:34,456 - Velocimacro : adding VMs from VM library template : VM_global_library.vm
2016-03-19 17:35:34,462 - ResourceManager : unable to find resource 'VM_global_library.vm' in any resource loader.
2016-03-19 17:35:34,462 - Velocimacro : error using  VM library template VM_global_library.vm : org.apache.velocity.exception.ResourceNotFoundException: Unable to find resource 'VM_global_library.vm'
2016-03-19 17:35:34,462 - Velocimacro :  VM library template macro registration complete.
2016-03-19 17:35:34,462 - Velocimacro : allowInline = true : VMs can be defined inline in templates
2016-03-19 17:35:34,462 - Velocimacro : allowInlineToOverride = false : VMs defined inline may NOT replace previous VM definitions
2016-03-19 17:35:34,462 - Velocimacro : allowInlineLocal = false : VMs defined inline will be  global in scope if allowed.
2016-03-19 17:35:34,462 - Velocimacro : messages on  : VM system will output logging messages
2016-03-19 17:35:34,462 - Velocimacro : autoload off  : VM system will not automatically reload global library macros
2016-03-19 17:35:34,462 - Velocimacro : initialization complete.
2016-03-19 17:35:34,462 - Velocity successfully started.
2016-03-19 23:56:30,194 - SimpleLog4JLogSystem initialized using logfile 'velocity.log'
2016-03-19 23:56:30,195 - ************************************************************** 
2016-03-19 23:56:30,195 - Starting Jakarta Velocity v1.4
2016-03-19 23:56:30,195 - RuntimeInstance initializing.
2016-03-19 23:56:30,195 - Default Properties File: org/apache/velocity/runtime/defaults/velocity.properties
2016-03-19 23:56:30,195 - Trying to use logger class org.apache.velocity.runtime.log.SimpleLog4JLogSystem
2016-03-19 23:56:30,195 - Using logger class org.apache.velocity.runtime.log.SimpleLog4JLogSystem
2016-03-19 23:56:30,200 - Default ResourceManager initializing. (class org.apache.velocity.runtime.resource.ResourceManagerImpl)
2016-03-19 23:56:30,209 - Resource Loader Instantiated: org.apache.velocity.runtime.resource.loader.ClasspathResourceLoader
2016-03-19 23:56:30,209 - ClasspathResourceLoader : initialization starting.
2016-03-19 23:56:30,209 - ClasspathResourceLoader : initialization complete.
2016-03-19 23:56:30,212 - ResourceCache : initialized. (class org.apache.velocity.runtime.resource.ResourceCacheImpl)
2016-03-19 23:56:30,212 - Default ResourceManager initialization complete.
2016-03-19 23:56:30,215 - Loaded System Directive: org.apache.velocity.runtime.directive.Literal
2016-03-19 23:56:30,218 - Loaded System Directive: org.apache.velocity.runtime.directive.Macro
2016-03-19 23:56:30,223 - Loaded System Directive: org.apache.velocity.runtime.directive.Parse
2016-03-19 23:56:30,226 - Loaded System Directive: org.apache.velocity.runtime.directive.Include
2016-03-19 23:56:30,228 - Loaded System Directive: org.apache.velocity.runtime.directive.Foreach
2016-03-19 23:56:30,268 - Created: 20 parsers.
2016-03-19 23:56:30,283 - Velocimacro : initialization starting.
2016-03-19 23:56:30,283 - Velocimacro : adding VMs from VM library template : VM_global_library.vm
2016-03-19 23:56:30,289 - ResourceManager : unable to find resource 'VM_global_library.vm' in any resource loader.
2016-03-19 23:56:30,290 - Velocimacro : error using  VM library template VM_global_library.vm : org.apache.velocity.exception.ResourceNotFoundException: Unable to find resource 'VM_global_library.vm'
2016-03-19 23:56:30,290 - Velocimacro :  VM library template macro registration complete.
2016-03-19 23:56:30,290 - Velocimacro : allowInline = true : VMs can be defined inline in templates
2016-03-19 23:56:30,290 - Velocimacro : allowInlineToOverride = false : VMs defined inline may NOT replace previous VM definitions
2016-03-19 23:56:30,290 - Velocimacro : allowInlineLocal = false : VMs defined inline will be  global in scope if allowed.
2016-03-19 23:56:30,290 - Velocimacro : messages on  : VM system will output logging messages
2016-03-19 23:56:30,290 - Velocimacro : autoload off  : VM system will not automatically reload global library macros
2016-03-19 23:56:30,290 - Velocimacro : initialization complete.
2016-03-19 23:56:30,290 - Velocity successfully started.
2016-03-19 23:57:47,602 - ResourceManager : found repast/simphony/scenario/Scenario.vt with loader org.apache.velocity.runtime.resource.loader.ClasspathResourceLoader
2016-03-19 23:57:49,298 - ResourceManager : found repast/simphony/scenario/Scenario.vt with loader org.apache.velocity.runtime.resource.loader.ClasspathResourceLoader
2016-03-19 23:57:49,835 - ResourceManager : found repast/simphony/scenario/Scenario.vt with loader org.apache.velocity.runtime.resource.loader.ClasspathResourceLoader
